<?xml version="1.0" encoding="UTF-8"?>
<!-- Generated by org.testng.reporters.JUnitReportReporter -->
<testsuite skipped="0" hostname="DESKTOP-CMONKD7" name="tescases.Test1" tests="1" failures="0" timestamp="19 Aug 2019 18:35:11 GMT" time="9.050" errors="0">
  <testcase name="FirstTest" time="9.050" classname="tescases.Test1"/>
</testsuite> <!-- tescases.Test1 -->
